0 info it worked if it ends with ok
1 verbose cli [ 'C:\\Program Files\\nodejs\\node.exe',
1 verbose cli   'C:\\Users\\s. kaneman\\AppData\\Roaming\\npm\\node_modules\\npm\\bin\\npm-cli.js',
1 verbose cli   'install',
1 verbose cli   '-g',
1 verbose cli   'protractor' ]
2 info using npm@2.11.2
3 info using node@v4.2.2
4 verbose install initial load of C:\Program Files\nodejs\package.json
5 verbose readDependencies loading dependencies from C:\Program Files\nodejs\package.json
6 silly cache add args [ 'protractor', null ]
7 verbose cache add spec protractor
8 silly cache add parsed spec Result {
8 silly cache add   raw: 'protractor',
8 silly cache add   scope: null,
8 silly cache add   name: 'protractor',
8 silly cache add   rawSpec: '',
8 silly cache add   spec: '*',
8 silly cache add   type: 'range' }
9 silly addNamed protractor@*
10 verbose addNamed "*" is a valid semver range for protractor
11 silly addNameRange { name: 'protractor', range: '*', hasData: false }
12 silly mapToRegistry name protractor
13 silly mapToRegistry using default registry
14 silly mapToRegistry registry https://registry.npmjs.org/
15 silly mapToRegistry uri https://registry.npmjs.org/protractor
16 verbose addNameRange registry:https://registry.npmjs.org/protractor not in flight; fetching
17 verbose request uri https://registry.npmjs.org/protractor
18 verbose request no auth needed
19 info attempt registry request try #1 at 16:28:41
20 verbose request id 79c7d16ea847e202
21 http request GET https://registry.npmjs.org/protractor
22 http 200 https://registry.npmjs.org/protractor
23 silly get cb [ 200,
23 silly get   { server: 'CouchDB/1.5.0 (Erlang OTP/R16B03)',
23 silly get     etag: '"4L7EP3XAHTRQLY1Q52P0R7CL9"',
23 silly get     'content-type': 'application/json',
23 silly get     'cache-control': 'max-age=300',
23 silly get     'content-length': '103109',
23 silly get     'accept-ranges': 'bytes',
23 silly get     date: 'Tue, 16 Feb 2016 15:29:48 GMT',
23 silly get     via: '1.1 varnish',
23 silly get     age: '122',
23 silly get     connection: 'keep-alive',
23 silly get     'x-served-by': 'cache-ams4136-AMS',
23 silly get     'x-cache': 'HIT',
23 silly get     'x-cache-hits': '1',
23 silly get     'x-timer': 'S1455636588.961949,VS0,VE0',
23 silly get     vary: 'Accept' } ]
24 verbose get saving protractor to C:\Users\s. kaneman\AppData\Roaming\npm-cache\registry.npmjs.org\protractor\.cache.json
25 silly addNameRange number 2 { name: 'protractor', range: '*', hasData: true }
26 silly addNameRange versions [ 'protractor',
26 silly addNameRange   [ '0.1.0',
26 silly addNameRange     '0.1.1',
26 silly addNameRange     '0.1.2',
26 silly addNameRange     '0.1.3',
26 silly addNameRange     '0.2.0',
26 silly addNameRange     '0.2.1',
26 silly addNameRange     '0.3.0',
26 silly addNameRange     '0.4.0',
26 silly addNameRange     '0.4.1',
26 silly addNameRange     '0.5.0',
26 silly addNameRange     '0.6.1',
26 silly addNameRange     '0.7.0',
26 silly addNameRange     '0.8.0',
26 silly addNameRange     '0.9.0',
26 silly addNameRange     '0.10.0',
26 silly addNameRange     '0.11.0',
26 silly addNameRange     '0.12.0',
26 silly addNameRange     '0.12.1',
26 silly addNameRange     '0.13.0',
26 silly addNameRange     '0.14.0',
26 silly addNameRange     '0.15.0',
26 silly addNameRange     '0.16.0',
26 silly addNameRange     '0.16.1',
26 silly addNameRange     '0.17.0',
26 silly addNameRange     '0.18.0',
26 silly addNameRange     '0.18.1',
26 silly addNameRange     '0.19.0',
26 silly addNameRange     '0.20.0',
26 silly addNameRange     '0.20.1',
26 silly addNameRange     '0.21.0',
26 silly addNameRange     '0.22.0',
26 silly addNameRange     '0.23.0',
26 silly addNameRange     '0.23.1',
26 silly addNameRange     '0.24.0',
26 silly addNameRange     '0.24.1',
26 silly addNameRange     '0.24.2',
26 silly addNameRange     '1.0.0-rc1',
26 silly addNameRange     '1.0.0-rc2',
26 silly addNameRange     '1.0.0-rc3',
26 silly addNameRange     '1.0.0-rc4',
26 silly addNameRange     '1.0.0-rc5',
26 silly addNameRange     '1.0.0-rc6',
26 silly addNameRange     '1.0.0',
26 silly addNameRange     '1.1.0',
26 silly addNameRange     '1.1.1',
26 silly addNameRange     '1.2.0-beta1',
26 silly addNameRange     '1.2.0',
26 silly addNameRange     '1.3.0',
26 silly addNameRange     '1.3.1',
26 silly addNameRange     '1.4.0',
26 silly addNameRange     '1.5.0',
26 silly addNameRange     '1.6.0',
26 silly addNameRange     '1.6.1',
26 silly addNameRange     '1.7.0',
26 silly addNameRange     '1.8.0',
26 silly addNameRange     '2.0.0',
26 silly addNameRange     '2.1.0',
26 silly addNameRange     '2.2.0',
26 silly addNameRange     '2.3.0',
26 silly addNameRange     '2.4.0',
26 silly addNameRange     '2.5.0',
26 silly addNameRange     '2.5.1',
26 silly addNameRange     '3.0.0',
26 silly addNameRange     '3.1.0',
26 silly addNameRange     '3.1.1' ] ]
27 silly addNamed protractor@3.1.1
28 verbose addNamed "3.1.1" is a plain semver version for protractor
29 silly mapToRegistry name protractor
30 silly mapToRegistry using default registry
31 silly mapToRegistry registry https://registry.npmjs.org/
32 silly mapToRegistry uri https://registry.npmjs.org/protractor
33 verbose addRemoteTarball https://registry.npmjs.org/protractor/-/protractor-3.1.1.tgz not in flight; adding
34 verbose addRemoteTarball [ 'https://registry.npmjs.org/protractor/-/protractor-3.1.1.tgz',
34 verbose addRemoteTarball   'e9b520fe7f63839e561f37b2cb32cf2fdb56d38a' ]
35 info retry fetch attempt 1 at 16:28:41
36 info attempt registry request try #1 at 16:28:41
37 http fetch GET https://registry.npmjs.org/protractor/-/protractor-3.1.1.tgz
38 http fetch 200 https://registry.npmjs.org/protractor/-/protractor-3.1.1.tgz
39 silly fetchAndShaCheck shasum e9b520fe7f63839e561f37b2cb32cf2fdb56d38a
40 verbose addTmpTarball C:\Users\S581F~1.KAN\AppData\Local\Temp\npm-5288-275e307a\registry.npmjs.org\protractor\-\protractor-3.1.1.tgz not in flight; adding
41 verbose addTmpTarball already have metadata; skipping unpack for protractor@3.1.1
42 silly cache afterAdd protractor@3.1.1
43 verbose afterAdd C:\Users\s. kaneman\AppData\Roaming\npm-cache\protractor\3.1.1\package\package.json not in flight; writing
44 verbose afterAdd C:\Users\s. kaneman\AppData\Roaming\npm-cache\protractor\3.1.1\package\package.json written
45 silly install resolved [ { name: 'protractor',
45 silly install resolved     description: 'Webdriver E2E test wrapper for Angular.',
45 silly install resolved     homepage: 'https://github.com/angular/protractor',
45 silly install resolved     keywords:
45 silly install resolved      [ 'angular',
45 silly install resolved        'test',
45 silly install resolved        'testing',
45 silly install resolved        'webdriver',
45 silly install resolved        'webdriverjs',
45 silly install resolved        'selenium' ],
45 silly install resolved     author: { name: 'Julie Ralph', email: 'ju.ralph@gmail.com' },
45 silly install resolved     dependencies:
45 silly install resolved      { request: '~2.67.0',
45 silly install resolved        'selenium-webdriver': '2.48.2',
45 silly install resolved        jasminewd2: '0.0.8',
45 silly install resolved        jasmine: '2.4.1',
45 silly install resolved        saucelabs: '~1.0.1',
45 silly install resolved        glob: '~6.0',
45 silly install resolved        'adm-zip': '0.4.7',
45 silly install resolved        optimist: '~0.6.0',
45 silly install resolved        q: '1.4.1',
45 silly install resolved        'source-map-support': '~0.4.0' },
45 silly install resolved     devDependencies:
45 silly install resolved      { 'expect.js': '~0.3.1',
45 silly install resolved        chai: '~3.4.1',
45 silly install resolved        'chai-as-promised': '~5.2.0',
45 silly install resolved        jshint: '2.9.1',
45 silly install resolved        mocha: '2.3.4',
45 silly install resolved        express: '~4.13.3',
45 silly install resolved        'body-parser': '1.14.2',
45 silly install resolved        rimraf: '~2.5.0',
45 silly install resolved        lodash: '^2.4.1',
45 silly install resolved        marked: '^0.3.3' },
45 silly install resolved     repository: { type: 'git', url: 'git://github.com/angular/protractor.git' },
45 silly install resolved     bin:
45 silly install resolved      { protractor: 'bin/protractor',
45 silly install resolved        'webdriver-manager': 'bin/webdriver-manager' },
45 silly install resolved     main: 'lib/protractor.js',
45 silly install resolved     scripts:
45 silly install resolved      { pretest: './scripts/pretest.sh',
45 silly install resolved        test: 'node scripts/test.js',
45 silly install resolved        start: 'node testapp/scripts/web-server.js' },
45 silly install resolved     license: 'MIT',
45 silly install resolved     version: '3.1.1',
45 silly install resolved     gitHead: '65920fdf6f7262ef3a9fa735cd81a644fbc05c1e',
45 silly install resolved     bugs: { url: 'https://github.com/angular/protractor/issues' },
45 silly install resolved     _id: 'protractor@3.1.1',
45 silly install resolved     _shasum: 'e9b520fe7f63839e561f37b2cb32cf2fdb56d38a',
45 silly install resolved     _from: 'protractor@*',
45 silly install resolved     _npmVersion: '2.14.7',
45 silly install resolved     _nodeVersion: '4.2.2',
45 silly install resolved     _npmUser: { name: 'angularcore', email: 'angular-core+npm@google.com' },
45 silly install resolved     dist:
45 silly install resolved      { shasum: 'e9b520fe7f63839e561f37b2cb32cf2fdb56d38a',
45 silly install resolved        tarball: 'http://registry.npmjs.org/protractor/-/protractor-3.1.1.tgz' },
45 silly install resolved     maintainers: [ [Object], [Object] ],
45 silly install resolved     _npmOperationalInternal:
45 silly install resolved      { host: 'packages-6-west.internal.npmjs.com',
45 silly install resolved        tmp: 'tmp/protractor-3.1.1.tgz_1455127720554_0.8296335721388459' },
45 silly install resolved     directories: {},
45 silly install resolved     _resolved: 'https://registry.npmjs.org/protractor/-/protractor-3.1.1.tgz' } ]
46 info install protractor@3.1.1 into C:\Program Files\nodejs
47 info installOne protractor@3.1.1
48 verbose installOne of protractor to C:\Program Files\nodejs not in flight; installing
49 verbose lock using C:\Users\s. kaneman\AppData\Roaming\npm-cache\_locks\protractor-4204c10a30ec8567.lock for C:\Program Files\nodejs\node_modules\protractor
50 silly install write writing protractor 3.1.1 to C:\Program Files\nodejs\node_modules\protractor
51 verbose unbuild node_modules\protractor
52 silly gentlyRm C:\Program Files\nodejs\node_modules\protractor is being purged from base C:\Program Files\nodejs
53 verbose gentlyRm don't care about contents; nuking C:\Program Files\nodejs\node_modules\protractor
54 verbose tar unpack C:\Users\s. kaneman\AppData\Roaming\npm-cache\protractor\3.1.1\package.tgz
55 verbose tar unpacking to C:\Program Files\nodejs\node_modules\protractor
56 silly gentlyRm C:\Program Files\nodejs\node_modules\protractor is being purged
57 verbose gentlyRm don't care about contents; nuking C:\Program Files\nodejs\node_modules\protractor
58 silly gunzTarPerm modes [ '777', '666' ]
59 error tar.unpack untar error C:\Users\s. kaneman\AppData\Roaming\npm-cache\protractor\3.1.1\package.tgz
60 verbose unlock done using C:\Users\s. kaneman\AppData\Roaming\npm-cache\_locks\protractor-4204c10a30ec8567.lock for C:\Program Files\nodejs\node_modules\protractor
61 verbose fstream_path C:\Program Files\nodejs\node_modules\protractor
62 verbose fstream_type Directory
63 verbose fstream_class DirWriter
64 verbose stack Error: EPERM: operation not permitted, mkdir 'C:\Program Files\nodejs\node_modules\protractor'
64 verbose stack     at Error (native)
65 verbose fstream_stack C:\Users\s. kaneman\AppData\Roaming\npm\node_modules\npm\node_modules\fstream\lib\dir-writer.js:35:25
65 verbose fstream_stack C:\Users\s. kaneman\AppData\Roaming\npm\node_modules\npm\node_modules\mkdirp\index.js:47:53
65 verbose fstream_stack FSReqWrap.oncomplete (fs.js:82:15)
66 verbose cwd C:\GIT\_SideProjects\AngularUnitTest
67 error Windows_NT 10.0.10586
68 error argv "C:\\Program Files\\nodejs\\node.exe" "C:\\Users\\s. kaneman\\AppData\\Roaming\\npm\\node_modules\\npm\\bin\\npm-cli.js" "install" "-g" "protractor"
69 error node v4.2.2
70 error npm  v2.11.2
71 error path C:\Program Files\nodejs\node_modules\protractor
72 error code EPERM
73 error errno -4048
74 error syscall mkdir
75 error Error: EPERM: operation not permitted, mkdir 'C:\Program Files\nodejs\node_modules\protractor'
75 error     at Error (native)
75 error  { [Error: EPERM: operation not permitted, mkdir 'C:\Program Files\nodejs\node_modules\protractor']
75 error   errno: -4048,
75 error   code: 'EPERM',
75 error   syscall: 'mkdir',
75 error   path: 'C:\\Program Files\\nodejs\\node_modules\\protractor',
75 error   fstream_type: 'Directory',
75 error   fstream_path: 'C:\\Program Files\\nodejs\\node_modules\\protractor',
75 error   fstream_class: 'DirWriter',
75 error   fstream_stack:
75 error    [ 'C:\\Users\\s. kaneman\\AppData\\Roaming\\npm\\node_modules\\npm\\node_modules\\fstream\\lib\\dir-writer.js:35:25',
75 error      'C:\\Users\\s. kaneman\\AppData\\Roaming\\npm\\node_modules\\npm\\node_modules\\mkdirp\\index.js:47:53',
75 error      'FSReqWrap.oncomplete (fs.js:82:15)' ] }
76 error Please try running this command again as root/Administrator.
77 verbose exit [ -4048, true ]
78 verbose unbuild node_modules\protractor
79 silly gentlyRm C:\Program Files\nodejs\node_modules\protractor is being purged from base C:\Program Files\nodejs
80 verbose gentlyRm don't care about contents; nuking C:\Program Files\nodejs\node_modules\protractor
